0 info it worked if it ends with ok
1 verbose cli [ 'C:\\Program Files\\nodejs\\\\node.exe',
1 verbose cli   'C:\\Program Files\\nodejs\\node_modules\\npm\\bin\\npm-cli.js',
1 verbose cli   'install',
1 verbose cli   'node-uuid' ]
2 info using npm@1.4.28
3 info using node@v0.10.32
4 verbose node symlink C:\Program Files\nodejs\\node.exe
5 warn package.json elastic-load-balancer@ No repository field.
6 verbose readDependencies using package.json deps
7 verbose cache add [ 'node-uuid@~1.4.1', null ]
8 verbose cache add name=undefined spec="node-uuid@~1.4.1" args=["node-uuid@~1.4.1",null]
9 verbose parsed url { protocol: null,
9 verbose parsed url   slashes: null,
9 verbose parsed url   auth: null,
9 verbose parsed url   host: null,
9 verbose parsed url   port: null,
9 verbose parsed url   hostname: null,
9 verbose parsed url   hash: null,
9 verbose parsed url   search: null,
9 verbose parsed url   query: null,
9 verbose parsed url   pathname: 'node-uuid@~1.4.1',
9 verbose parsed url   path: 'node-uuid@~1.4.1',
9 verbose parsed url   href: 'node-uuid@~1.4.1' }
10 verbose cache add name="node-uuid" spec="~1.4.1" args=["node-uuid","~1.4.1"]
11 verbose parsed url { protocol: null,
11 verbose parsed url   slashes: null,
11 verbose parsed url   auth: null,
11 verbose parsed url   host: null,
11 verbose parsed url   port: null,
11 verbose parsed url   hostname: null,
11 verbose parsed url   hash: null,
11 verbose parsed url   search: null,
11 verbose parsed url   query: null,
11 verbose parsed url   pathname: '~1.4.1',
11 verbose parsed url   path: '~1.4.1',
11 verbose parsed url   href: '~1.4.1' }
12 verbose addNamed [ 'node-uuid', '~1.4.1' ]
13 verbose addNamed [ null, '>=1.4.1-0 <1.5.0-0' ]
14 silly lockFile 853201b9-node-uuid-1-4-1 node-uuid@~1.4.1
15 verbose lock node-uuid@~1.4.1 C:\Users\Tejas\AppData\Roaming\npm-cache\853201b9-node-uuid-1-4-1.lock
16 silly addNameRange { name: 'node-uuid',
16 silly addNameRange   range: '>=1.4.1-0 <1.5.0-0',
16 silly addNameRange   hasData: false }
17 verbose request where is /node-uuid
18 verbose request registry https://registry.npmjs.org/
19 verbose request id ab3328d6912636af
20 verbose url raw /node-uuid
21 verbose url resolving [ 'https://registry.npmjs.org/', './node-uuid' ]
22 verbose url resolved https://registry.npmjs.org/node-uuid
23 verbose request where is https://registry.npmjs.org/node-uuid
24 info trying registry request attempt 1 at 16:31:06
25 http GET https://registry.npmjs.org/node-uuid
26 http 200 https://registry.npmjs.org/node-uuid
27 silly registry.get cb [ 200,
27 silly registry.get   { date: 'Thu, 04 Dec 2014 00:31:04 GMT',
27 silly registry.get     server: 'CouchDB/1.5.0 (Erlang OTP/R16B03)',
27 silly registry.get     etag: '"8EUAVW5IVAX6VJ8ZJHEU5OXKJ"',
27 silly registry.get     'content-type': 'application/json',
27 silly registry.get     'cache-control': 'max-age=60',
27 silly registry.get     'content-length': '18576',
27 silly registry.get     'accept-ranges': 'bytes',
27 silly registry.get     via: '1.1 varnish',
27 silly registry.get     age: '0',
27 silly registry.get     'x-served-by': 'cache-sjc3126-SJC',
27 silly registry.get     'x-cache': 'HIT',
27 silly registry.get     'x-cache-hits': '1',
27 silly registry.get     'x-timer': 'S1417653064.841932,VS0,VE148',
27 silly registry.get     vary: 'Accept',
27 silly registry.get     'keep-alive': 'timeout=10, max=50',
27 silly registry.get     connection: 'Keep-Alive' } ]
28 silly addNameRange number 2 { name: 'node-uuid', range: '>=1.4.1-0 <1.5.0-0', hasData: true }
29 silly addNameRange versions [ 'node-uuid',
29 silly addNameRange   [ '1.2.0',
29 silly addNameRange     '1.3.0',
29 silly addNameRange     '1.3.1',
29 silly addNameRange     '1.3.2',
29 silly addNameRange     '1.1.0',
29 silly addNameRange     '1.0.0',
29 silly addNameRange     '1.3.3',
29 silly addNameRange     '1.4.0',
29 silly addNameRange     '1.4.1',
29 silly addNameRange     '1.4.2' ] ]
30 verbose addNamed [ 'node-uuid', '1.4.2' ]
31 verbose addNamed [ '1.4.2', '1.4.2' ]
32 silly lockFile 576d32ce-node-uuid-1-4-2 node-uuid@1.4.2
33 verbose lock node-uuid@1.4.2 C:\Users\Tejas\AppData\Roaming\npm-cache\576d32ce-node-uuid-1-4-2.lock
34 silly lockFile eaa5c97d-rg-node-uuid-node-uuid-1-4-2-tgz https://registry.npmjs.org/node-uuid/-/node-uuid-1.4.2.tgz
35 verbose lock https://registry.npmjs.org/node-uuid/-/node-uuid-1.4.2.tgz C:\Users\Tejas\AppData\Roaming\npm-cache\eaa5c97d-rg-node-uuid-node-uuid-1-4-2-tgz.lock
36 verbose addRemoteTarball [ 'https://registry.npmjs.org/node-uuid/-/node-uuid-1.4.2.tgz',
36 verbose addRemoteTarball   '907db3d11b7b6a2cf4f905fb7199f14ae7379ba0' ]
37 info retry fetch attempt 1 at 16:31:06
38 verbose fetch to= C:\Users\Tejas\AppData\Local\Temp\npm-9084-6s-5URmq\registry.npmjs.org\node-uuid\-\node-uuid-1.4.2.tgz
39 http GET https://registry.npmjs.org/node-uuid/-/node-uuid-1.4.2.tgz
40 http 200 https://registry.npmjs.org/node-uuid/-/node-uuid-1.4.2.tgz
41 silly lockFile eaa5c97d-rg-node-uuid-node-uuid-1-4-2-tgz https://registry.npmjs.org/node-uuid/-/node-uuid-1.4.2.tgz
42 silly lockFile eaa5c97d-rg-node-uuid-node-uuid-1-4-2-tgz https://registry.npmjs.org/node-uuid/-/node-uuid-1.4.2.tgz
43 silly lockFile 576d32ce-node-uuid-1-4-2 node-uuid@1.4.2
44 silly lockFile 576d32ce-node-uuid-1-4-2 node-uuid@1.4.2
45 silly lockFile 853201b9-node-uuid-1-4-1 node-uuid@~1.4.1
46 silly lockFile 853201b9-node-uuid-1-4-1 node-uuid@~1.4.1
47 error nospc ENOSPC, write
47 error nospc This is most likely not a problem with npm itself
47 error nospc and is related to insufficient space on your system.
48 error System Windows_NT 6.1.7601
49 error command "C:\\Program Files\\nodejs\\\\node.exe" "C:\\Program Files\\nodejs\\node_modules\\npm\\bin\\npm-cli.js" "install" "node-uuid"
50 error cwd D:\Fareen\elastic-load-balancer-livewires
51 error node -v v0.10.32
52 error npm -v 1.4.28
53 error code ENOSPC
54 error errno 54
55 verbose exit [ 54, true ]
